<?xml version="1.0" encoding="UTF-8"?>
<coverage generated="1568591023256" clover="3.2.0">
  <project timestamp="1568591023256" name="All files">
    <metrics statements="25" coveredstatements="22" conditionals="6" coveredconditionals="3" methods="8" coveredmethods="8" elements="39" coveredelements="33" complexity="0" loc="25" ncloc="25" packages="1" files="1" classes="1"/>
    <file name="05-01.queue.js" path="/Users/jinwei/www/nodejs/JavaScript/data-structure-algorithms/source/code-three/05.queue-deque/05-01.queue.js">
      <metrics statements="25" coveredstatements="22" conditionals="6" coveredconditionals="3" methods="8" coveredmethods="8"/>
      <line num="4" count="1" type="stmt"/>
      <line num="6" count="1" type="stmt"/>
      <line num="7" count="1" type="stmt"/>
      <line num="12" count="6" type="stmt"/>
      <line num="13" count="6" type="stmt"/>
      <line num="17" count="1" type="cond" truecount="1" falsecount="1"/>
      <line num="18" count="0" type="stmt"/>
      <line num="20" count="1" type="stmt"/>
      <line num="21" count="1" type="stmt"/>
      <line num="22" count="1" type="stmt"/>
      <line num="23" count="1" type="stmt"/>
      <line num="27" count="1" type="cond" truecount="1" falsecount="1"/>
      <line num="28" count="0" type="stmt"/>
      <line num="30" count="1" type="stmt"/>
      <line num="34" count="4" type="stmt"/>
      <line num="38" count="5" type="stmt"/>
      <line num="43" count="1" type="stmt"/>
      <line num="44" count="1" type="stmt"/>
      <line num="45" count="1" type="stmt"/>
      <line num="50" count="1" type="cond" truecount="1" falsecount="1"/>
      <line num="51" count="0" type="stmt"/>
      <line num="53" count="1" type="stmt"/>
      <line num="54" count="1" type="stmt"/>
      <line num="55" count="2" type="stmt"/>
      <line num="57" count="1" type="stmt"/>
    </file>
  </project>
</coverage>
