<?xml version="1.0" encoding="UTF-8"?>
<coverage generated="1570231865446" clover="3.2.0">
  <project timestamp="1570231865446" name="All files">
    <metrics statements="45" coveredstatements="38" conditionals="21" coveredconditionals="14" methods="13" coveredmethods="13" elements="79" coveredelements="65" complexity="0" loc="45" ncloc="45" packages="2" files="2" classes="2"/>
    <package name="08.dictionaries-hash">
      <metrics statements="34" coveredstatements="31" conditionals="13" coveredconditionals="10" methods="10" coveredmethods="10"/>
      <file name="08-02.hash-table.js" path="/Users/jinwei/www/nodejs/JavaScript/data-structure-algorithms/source/code-three/08.dictionaries-hash/08-02.hash-table.js">
        <metrics statements="34" coveredstatements="31" conditionals="13" coveredconditionals="10" methods="10" coveredmethods="10"/>
        <line num="6" count="1" type="stmt"/>
        <line num="7" count="1" type="stmt"/>
        <line num="13" count="14" type="cond" truecount="1" falsecount="1"/>
        <line num="14" count="0" type="stmt"/>
        <line num="19" count="14" type="stmt"/>
        <line num="21" count="14" type="stmt"/>
        <line num="25" count="14" type="stmt"/>
        <line num="27" count="46" type="stmt"/>
        <line num="31" count="14" type="stmt"/>
        <line num="36" count="14" type="stmt"/>
        <line num="41" count="6" type="cond" truecount="4" falsecount="0"/>
        <line num="42" count="4" type="stmt"/>
        <line num="43" count="4" type="stmt"/>
        <line num="44" count="4" type="stmt"/>
        <line num="45" count="4" type="stmt"/>
        <line num="47" count="2" type="stmt"/>
        <line num="52" count="7" type="stmt"/>
        <line num="53" count="7" type="cond" truecount="2" falsecount="0"/>
        <line num="58" count="1" type="stmt"/>
        <line num="59" count="1" type="stmt"/>
        <line num="60" count="1" type="cond" truecount="1" falsecount="1"/>
        <line num="61" count="1" type="stmt"/>
        <line num="62" count="1" type="stmt"/>
        <line num="64" count="0" type="stmt"/>
        <line num="69" count="5" type="stmt"/>
        <line num="74" count="3" type="stmt"/>
        <line num="79" count="1" type="stmt"/>
        <line num="84" count="1" type="cond" truecount="1" falsecount="1"/>
        <line num="85" count="0" type="stmt"/>
        <line num="88" count="1" type="stmt"/>
        <line num="89" count="1" type="stmt"/>
        <line num="90" count="1" type="stmt"/>
        <line num="91" count="1" type="stmt"/>
        <line num="93" count="1" type="stmt"/>
      </file>
    </package>
    <package name="utils">
      <metrics statements="11" coveredstatements="7" conditionals="8" coveredconditionals="4" methods="3" coveredmethods="3"/>
      <file name="util.js" path="/Users/jinwei/www/nodejs/JavaScript/data-structure-algorithms/source/code-three/utils/util.js">
        <metrics statements="11" coveredstatements="7" conditionals="8" coveredconditionals="4" methods="3" coveredmethods="3"/>
        <line num="4" count="14" type="cond" truecount="1" falsecount="1"/>
        <line num="5" count="0" type="stmt"/>
        <line num="6" count="14" type="cond" truecount="1" falsecount="1"/>
        <line num="7" count="0" type="stmt"/>
        <line num="8" count="14" type="cond" truecount="2" falsecount="2"/>
        <line num="9" count="14" type="stmt"/>
        <line num="11" count="0" type="stmt"/>
        <line num="12" count="0" type="stmt"/>
        <line num="18" count="4" type="stmt"/>
        <line num="19" count="4" type="stmt"/>
        <line num="23" count="2" type="stmt"/>
      </file>
    </package>
  </project>
</coverage>
