{"/Users/jinwei/www/nodejs/JavaScript/data-structure-algorithms/source/code-three/07.sets/07-01.set.js": {"path":"/Users/jinwei/www/nodejs/JavaScript/data-structure-algorithms/source/code-three/07.sets/07-01.set.js","statementMap":{"0":{"start":{"line":3,"column":4},"end":{"line":3,"column":19}},"1":{"start":{"line":14,"column":4},"end":{"line":14,"column":68}},"2":{"start":{"line":19,"column":4},"end":{"line":22,"column":5}},"3":{"start":{"line":20,"column":6},"end":{"line":20,"column":35}},"4":{"start":{"line":21,"column":6},"end":{"line":21,"column":17}},"5":{"start":{"line":23,"column":4},"end":{"line":23,"column":16}},"6":{"start":{"line":28,"column":4},"end":{"line":31,"column":5}},"7":{"start":{"line":29,"column":6},"end":{"line":29,"column":32}},"8":{"start":{"line":30,"column":6},"end":{"line":30,"column":17}},"9":{"start":{"line":32,"column":4},"end":{"line":32,"column":16}},"10":{"start":{"line":37,"column":4},"end":{"line":37,"column":19}},"11":{"start":{"line":42,"column":4},"end":{"line":42,"column":41}},"12":{"start":{"line":47,"column":4},"end":{"line":47,"column":36}},"13":{"start":{"line":52,"column":12},"end":{"line":52,"column":21}},"14":{"start":{"line":53,"column":4},"end":{"line":53,"column":46}},"15":{"start":{"line":53,"column":34},"end":{"line":53,"column":45}},"16":{"start":{"line":54,"column":4},"end":{"line":54,"column":50}},"17":{"start":{"line":54,"column":38},"end":{"line":54,"column":49}},"18":{"start":{"line":55,"column":4},"end":{"line":55,"column":12}},"19":{"start":{"line":60,"column":12},"end":{"line":60,"column":21}},"20":{"start":{"line":61,"column":4},"end":{"line":65,"column":6}},"21":{"start":{"line":62,"column":6},"end":{"line":64,"column":7}},"22":{"start":{"line":63,"column":8},"end":{"line":63,"column":20}},"23":{"start":{"line":66,"column":4},"end":{"line":66,"column":12}},"24":{"start":{"line":71,"column":12},"end":{"line":71,"column":21}},"25":{"start":{"line":72,"column":4},"end":{"line":76,"column":6}},"26":{"start":{"line":73,"column":6},"end":{"line":75,"column":7}},"27":{"start":{"line":74,"column":8},"end":{"line":74,"column":20}},"28":{"start":{"line":77,"column":4},"end":{"line":77,"column":12}},"29":{"start":{"line":83,"column":4},"end":{"line":85,"column":5}},"30":{"start":{"line":84,"column":6},"end":{"line":84,"column":18}},"31":{"start":{"line":87,"column":4},"end":{"line":87,"column":60}},"32":{"start":{"line":87,"column":40},"end":{"line":87,"column":59}}},"fnMap":{"0":{"name":"(anonymous_0)","decl":{"start":{"line":2,"column":2},"end":{"line":2,"column":3}},"loc":{"start":{"line":2,"column":17},"end":{"line":4,"column":3}},"line":2},"1":{"name":"(anonymous_1)","decl":{"start":{"line":7,"column":2},"end":{"line":7,"column":3}},"loc":{"start":{"line":7,"column":16},"end":{"line":15,"column":3}},"line":7},"2":{"name":"(anonymous_2)","decl":{"start":{"line":18,"column":2},"end":{"line":18,"column":3}},"loc":{"start":{"line":18,"column":16},"end":{"line":24,"column":3}},"line":18},"3":{"name":"(anonymous_3)","decl":{"start":{"line":27,"column":2},"end":{"line":27,"column":3}},"loc":{"start":{"line":27,"column":19},"end":{"line":33,"column":3}},"line":27},"4":{"name":"(anonymous_4)","decl":{"start":{"line":36,"column":2},"end":{"line":36,"column":3}},"loc":{"start":{"line":36,"column":11},"end":{"line":38,"column":3}},"line":36},"5":{"name":"(anonymous_5)","decl":{"start":{"line":41,"column":2},"end":{"line":41,"column":3}},"loc":{"start":{"line":41,"column":10},"end":{"line":43,"column":3}},"line":41},"6":{"name":"(anonymous_6)","decl":{"start":{"line":46,"column":2},"end":{"line":46,"column":3}},"loc":{"start":{"line":46,"column":12},"end":{"line":48,"column":3}},"line":46},"7":{"name":"(anonymous_7)","decl":{"start":{"line":51,"column":2},"end":{"line":51,"column":3}},"loc":{"start":{"line":51,"column":19},"end":{"line":56,"column":3}},"line":51},"8":{"name":"(anonymous_8)","decl":{"start":{"line":53,"column":26},"end":{"line":53,"column":27}},"loc":{"start":{"line":53,"column":34},"end":{"line":53,"column":45}},"line":53},"9":{"name":"(anonymous_9)","decl":{"start":{"line":54,"column":30},"end":{"line":54,"column":31}},"loc":{"start":{"line":54,"column":38},"end":{"line":54,"column":49}},"line":54},"10":{"name":"(anonymous_10)","decl":{"start":{"line":59,"column":2},"end":{"line":59,"column":3}},"loc":{"start":{"line":59,"column":26},"end":{"line":67,"column":3}},"line":59},"11":{"name":"(anonymous_11)","decl":{"start":{"line":61,"column":26},"end":{"line":61,"column":27}},"loc":{"start":{"line":61,"column":35},"end":{"line":65,"column":5}},"line":61},"12":{"name":"(anonymous_12)","decl":{"start":{"line":70,"column":2},"end":{"line":70,"column":3}},"loc":{"start":{"line":70,"column":24},"end":{"line":78,"column":3}},"line":70},"13":{"name":"(anonymous_13)","decl":{"start":{"line":72,"column":26},"end":{"line":72,"column":27}},"loc":{"start":{"line":72,"column":35},"end":{"line":76,"column":5}},"line":72},"14":{"name":"(anonymous_14)","decl":{"start":{"line":82,"column":2},"end":{"line":82,"column":3}},"loc":{"start":{"line":82,"column":24},"end":{"line":91,"column":3}},"line":82},"15":{"name":"(anonymous_15)","decl":{"start":{"line":87,"column":31},"end":{"line":87,"column":32}},"loc":{"start":{"line":87,"column":40},"end":{"line":87,"column":59}},"line":87}},"branchMap":{"0":{"loc":{"start":{"line":19,"column":4},"end":{"line":22,"column":5}},"type":"if","locations":[{"start":{"line":19,"column":4},"end":{"line":22,"column":5}},{"start":{"line":19,"column":4},"end":{"line":22,"column":5}}],"line":19},"1":{"loc":{"start":{"line":28,"column":4},"end":{"line":31,"column":5}},"type":"if","locations":[{"start":{"line":28,"column":4},"end":{"line":31,"column":5}},{"start":{"line":28,"column":4},"end":{"line":31,"column":5}}],"line":28},"2":{"loc":{"start":{"line":62,"column":6},"end":{"line":64,"column":7}},"type":"if","locations":[{"start":{"line":62,"column":6},"end":{"line":64,"column":7}},{"start":{"line":62,"column":6},"end":{"line":64,"column":7}}],"line":62},"3":{"loc":{"start":{"line":73,"column":6},"end":{"line":75,"column":7}},"type":"if","locations":[{"start":{"line":73,"column":6},"end":{"line":75,"column":7}},{"start":{"line":73,"column":6},"end":{"line":75,"column":7}}],"line":73},"4":{"loc":{"start":{"line":83,"column":4},"end":{"line":85,"column":5}},"type":"if","locations":[{"start":{"line":83,"column":4},"end":{"line":85,"column":5}},{"start":{"line":83,"column":4},"end":{"line":85,"column":5}}],"line":83}},"s":{"0":7,"1":41,"2":32,"3":23,"4":23,"5":9,"6":2,"7":1,"8":1,"9":1,"10":1,"11":3,"12":14,"13":1,"14":1,"15":3,"16":1,"17":3,"18":1,"19":1,"20":1,"21":3,"22":2,"23":1,"24":1,"25":1,"26":3,"27":1,"28":1,"29":1,"30":0,"31":1,"32":2},"f":{"0":7,"1":41,"2":32,"3":2,"4":1,"5":3,"6":14,"7":1,"8":3,"9":3,"10":1,"11":3,"12":1,"13":3,"14":1,"15":2},"b":{"0":[23,9],"1":[1,1],"2":[2,1],"3":[1,2],"4":[0,1]},"_coverageSchema":"43e27e138ebf9cfc5966b082cf9a028302ed4184","hash":"dc1151929e32761c8c1aa526dbb89878dae1f4e2"}
}
