TN:
SF:/Users/jinwei/www/nodejs/JavaScript/data-structure-algorithms/source/code-three/07.sets/07-01.set.js
FN:2,(anonymous_0)
FN:7,(anonymous_1)
FN:18,(anonymous_2)
FN:27,(anonymous_3)
FN:36,(anonymous_4)
FN:41,(anonymous_5)
FN:46,(anonymous_6)
FN:51,(anonymous_7)
FN:53,(anonymous_8)
FN:54,(anonymous_9)
FN:59,(anonymous_10)
FN:61,(anonymous_11)
FN:70,(anonymous_12)
FN:72,(anonymous_13)
FN:82,(anonymous_14)
FN:87,(anonymous_15)
FNF:16
FNH:16
FNDA:8,(anonymous_0)
FNDA:47,(anonymous_1)
FNDA:35,(anonymous_2)
FNDA:2,(anonymous_3)
FNDA:1,(anonymous_4)
FNDA:3,(anonymous_5)
FNDA:14,(anonymous_6)
FNDA:1,(anonymous_7)
FNDA:3,(anonymous_8)
FNDA:3,(anonymous_9)
FNDA:1,(anonymous_10)
FNDA:3,(anonymous_11)
FNDA:1,(anonymous_12)
FNDA:3,(anonymous_13)
FNDA:1,(anonymous_14)
FNDA:2,(anonymous_15)
DA:3,8
DA:14,47
DA:19,35
DA:20,26
DA:21,26
DA:23,9
DA:28,2
DA:29,1
DA:30,1
DA:32,1
DA:37,1
DA:42,3
DA:47,14
DA:52,1
DA:53,3
DA:54,3
DA:55,1
DA:60,1
DA:61,1
DA:62,3
DA:63,2
DA:66,1
DA:71,1
DA:72,1
DA:73,3
DA:74,1
DA:77,1
DA:83,1
DA:84,0
DA:87,2
LF:30
LH:29
BRDA:19,0,0,26
BRDA:19,0,1,9
BRDA:28,1,0,1
BRDA:28,1,1,1
BRDA:62,2,0,2
BRDA:62,2,1,1
BRDA:73,3,0,1
BRDA:73,3,1,2
BRDA:83,4,0,0
BRDA:83,4,1,1
BRF:10
BRH:9
end_of_record
