TN:
SF:/Users/jinwei/www/nodejs/JavaScript/data-structure-algorithms/source/code-three/05.queue-deque/05-02.deque.js
FN:3,(anonymous_0)
FN:12,(anonymous_1)
FN:30,(anonymous_2)
FN:37,(anonymous_3)
FN:48,(anonymous_4)
FN:59,(anonymous_5)
FN:69,(anonymous_6)
FN:80,(anonymous_7)
FN:87,(anonymous_8)
FN:91,(anonymous_9)
FN:96,(anonymous_10)
FN:103,(anonymous_11)
FNF:12
FNH:7
FNDA:1,(anonymous_0)
FNDA:3,(anonymous_1)
FNDA:1,(anonymous_2)
FNDA:0,(anonymous_3)
FNDA:1,(anonymous_4)
FNDA:0,(anonymous_5)
FNDA:0,(anonymous_6)
FNDA:0,(anonymous_7)
FNDA:9,(anonymous_8)
FNDA:9,(anonymous_9)
FNDA:0,(anonymous_10)
FNDA:4,(anonymous_11)
DA:4,1
DA:6,1
DA:7,1
DA:13,3
DA:14,1
DA:15,2
DA:16,0
DA:17,0
DA:20,2
DA:21,3
DA:23,2
DA:24,2
DA:25,2
DA:31,1
DA:32,1
DA:38,0
DA:39,0
DA:41,0
DA:42,0
DA:43,0
DA:44,0
DA:49,1
DA:50,0
DA:52,1
DA:53,1
DA:54,1
DA:56,1
DA:60,0
DA:61,0
DA:63,0
DA:64,0
DA:65,0
DA:66,0
DA:70,0
DA:71,0
DA:73,0
DA:74,0
DA:75,0
DA:76,0
DA:81,0
DA:82,0
DA:84,0
DA:88,9
DA:92,9
DA:97,0
DA:98,0
DA:99,0
DA:104,4
DA:105,0
DA:107,4
DA:108,4
DA:109,4
DA:111,4
LF:53
LH:25
BRDA:13,0,0,1
BRDA:13,0,1,2
BRDA:15,1,0,0
BRDA:15,1,1,2
BRDA:38,2,0,0
BRDA:38,2,1,0
BRDA:49,3,0,0
BRDA:49,3,1,1
BRDA:60,4,0,0
BRDA:60,4,1,0
BRDA:70,5,0,0
BRDA:70,5,1,0
BRDA:81,6,0,0
BRDA:81,6,1,0
BRDA:104,7,0,0
BRDA:104,7,1,4
BRF:16
BRH:5
end_of_record
