{"/Users/jinwei/www/nodejs/JavaScript/nodejs/july/isLand/demo/test/07-01.set.js": {"path":"/Users/jinwei/www/nodejs/JavaScript/nodejs/july/isLand/demo/test/07-01.set.js","statementMap":{"0":{"start":{"line":3,"column":4},"end":{"line":3,"column":19}},"1":{"start":{"line":14,"column":4},"end":{"line":14,"column":68}},"2":{"start":{"line":19,"column":4},"end":{"line":22,"column":5}},"3":{"start":{"line":20,"column":6},"end":{"line":20,"column":35}},"4":{"start":{"line":21,"column":6},"end":{"line":21,"column":17}},"5":{"start":{"line":23,"column":4},"end":{"line":23,"column":16}},"6":{"start":{"line":28,"column":4},"end":{"line":31,"column":5}},"7":{"start":{"line":29,"column":6},"end":{"line":29,"column":32}},"8":{"start":{"line":30,"column":6},"end":{"line":30,"column":17}},"9":{"start":{"line":32,"column":4},"end":{"line":32,"column":16}},"10":{"start":{"line":37,"column":4},"end":{"line":37,"column":19}},"11":{"start":{"line":42,"column":4},"end":{"line":42,"column":41}},"12":{"start":{"line":47,"column":4},"end":{"line":47,"column":36}},"13":{"start":{"line":52,"column":12},"end":{"line":52,"column":21}},"14":{"start":{"line":53,"column":4},"end":{"line":53,"column":46}},"15":{"start":{"line":53,"column":34},"end":{"line":53,"column":45}},"16":{"start":{"line":54,"column":4},"end":{"line":54,"column":50}},"17":{"start":{"line":54,"column":38},"end":{"line":54,"column":49}},"18":{"start":{"line":55,"column":4},"end":{"line":55,"column":12}},"19":{"start":{"line":60,"column":12},"end":{"line":60,"column":21}},"20":{"start":{"line":61,"column":4},"end":{"line":65,"column":6}},"21":{"start":{"line":62,"column":6},"end":{"line":64,"column":7}},"22":{"start":{"line":63,"column":8},"end":{"line":63,"column":20}},"23":{"start":{"line":66,"column":4},"end":{"line":66,"column":12}},"24":{"start":{"line":71,"column":12},"end":{"line":71,"column":21}},"25":{"start":{"line":72,"column":4},"end":{"line":76,"column":6}},"26":{"start":{"line":73,"column":6},"end":{"line":75,"column":7}},"27":{"start":{"line":74,"column":8},"end":{"line":74,"column":20}},"28":{"start":{"line":77,"column":4},"end":{"line":77,"column":12}},"29":{"start":{"line":83,"column":4},"end":{"line":85,"column":5}},"30":{"start":{"line":84,"column":6},"end":{"line":84,"column":18}},"31":{"start":{"line":87,"column":4},"end":{"line":87,"column":60}},"32":{"start":{"line":87,"column":40},"end":{"line":87,"column":59}}},"fnMap":{"0":{"name":"(anonymous_0)","decl":{"start":{"line":2,"column":2},"end":{"line":2,"column":3}},"loc":{"start":{"line":2,"column":17},"end":{"line":4,"column":3}},"line":2},"1":{"name":"(anonymous_1)","decl":{"start":{"line":7,"column":2},"end":{"line":7,"column":3}},"loc":{"start":{"line":7,"column":16},"end":{"line":15,"column":3}},"line":7},"2":{"name":"(anonymous_2)","decl":{"start":{"line":18,"column":2},"end":{"line":18,"column":3}},"loc":{"start":{"line":18,"column":16},"end":{"line":24,"column":3}},"line":18},"3":{"name":"(anonymous_3)","decl":{"start":{"line":27,"column":2},"end":{"line":27,"column":3}},"loc":{"start":{"line":27,"column":19},"end":{"line":33,"column":3}},"line":27},"4":{"name":"(anonymous_4)","decl":{"start":{"line":36,"column":2},"end":{"line":36,"column":3}},"loc":{"start":{"line":36,"column":11},"end":{"line":38,"column":3}},"line":36},"5":{"name":"(anonymous_5)","decl":{"start":{"line":41,"column":2},"end":{"line":41,"column":3}},"loc":{"start":{"line":41,"column":10},"end":{"line":43,"column":3}},"line":41},"6":{"name":"(anonymous_6)","decl":{"start":{"line":46,"column":2},"end":{"line":46,"column":3}},"loc":{"start":{"line":46,"column":12},"end":{"line":48,"column":3}},"line":46},"7":{"name":"(anonymous_7)","decl":{"start":{"line":51,"column":2},"end":{"line":51,"column":3}},"loc":{"start":{"line":51,"column":19},"end":{"line":56,"column":3}},"line":51},"8":{"name":"(anonymous_8)","decl":{"start":{"line":53,"column":26},"end":{"line":53,"column":27}},"loc":{"start":{"line":53,"column":34},"end":{"line":53,"column":45}},"line":53},"9":{"name":"(anonymous_9)","decl":{"start":{"line":54,"column":30},"end":{"line":54,"column":31}},"loc":{"start":{"line":54,"column":38},"end":{"line":54,"column":49}},"line":54},"10":{"name":"(anonymous_10)","decl":{"start":{"line":59,"column":2},"end":{"line":59,"column":3}},"loc":{"start":{"line":59,"column":26},"end":{"line":67,"column":3}},"line":59},"11":{"name":"(anonymous_11)","decl":{"start":{"line":61,"column":26},"end":{"line":61,"column":27}},"loc":{"start":{"line":61,"column":35},"end":{"line":65,"column":5}},"line":61},"12":{"name":"(anonymous_12)","decl":{"start":{"line":70,"column":2},"end":{"line":70,"column":3}},"loc":{"start":{"line":70,"column":24},"end":{"line":78,"column":3}},"line":70},"13":{"name":"(anonymous_13)","decl":{"start":{"line":72,"column":26},"end":{"line":72,"column":27}},"loc":{"start":{"line":72,"column":35},"end":{"line":76,"column":5}},"line":72},"14":{"name":"(anonymous_14)","decl":{"start":{"line":82,"column":2},"end":{"line":82,"column":3}},"loc":{"start":{"line":82,"column":24},"end":{"line":91,"column":3}},"line":82},"15":{"name":"(anonymous_15)","decl":{"start":{"line":87,"column":31},"end":{"line":87,"column":32}},"loc":{"start":{"line":87,"column":40},"end":{"line":87,"column":59}},"line":87}},"branchMap":{"0":{"loc":{"start":{"line":19,"column":4},"end":{"line":22,"column":5}},"type":"if","locations":[{"start":{"line":19,"column":4},"end":{"line":22,"column":5}},{"start":{"line":19,"column":4},"end":{"line":22,"column":5}}],"line":19},"1":{"loc":{"start":{"line":28,"column":4},"end":{"line":31,"column":5}},"type":"if","locations":[{"start":{"line":28,"column":4},"end":{"line":31,"column":5}},{"start":{"line":28,"column":4},"end":{"line":31,"column":5}}],"line":28},"2":{"loc":{"start":{"line":62,"column":6},"end":{"line":64,"column":7}},"type":"if","locations":[{"start":{"line":62,"column":6},"end":{"line":64,"column":7}},{"start":{"line":62,"column":6},"end":{"line":64,"column":7}}],"line":62},"3":{"loc":{"start":{"line":73,"column":6},"end":{"line":75,"column":7}},"type":"if","locations":[{"start":{"line":73,"column":6},"end":{"line":75,"column":7}},{"start":{"line":73,"column":6},"end":{"line":75,"column":7}}],"line":73},"4":{"loc":{"start":{"line":83,"column":4},"end":{"line":85,"column":5}},"type":"if","locations":[{"start":{"line":83,"column":4},"end":{"line":85,"column":5}},{"start":{"line":83,"column":4},"end":{"line":85,"column":5}}],"line":83}},"s":{"0":7,"1":41,"2":32,"3":23,"4":23,"5":9,"6":2,"7":1,"8":1,"9":1,"10":1,"11":3,"12":14,"13":1,"14":1,"15":3,"16":1,"17":3,"18":1,"19":1,"20":1,"21":3,"22":2,"23":1,"24":1,"25":1,"26":3,"27":1,"28":1,"29":1,"30":0,"31":1,"32":2},"f":{"0":7,"1":41,"2":32,"3":2,"4":1,"5":3,"6":14,"7":1,"8":3,"9":3,"10":1,"11":3,"12":1,"13":3,"14":1,"15":2},"b":{"0":[23,9],"1":[1,1],"2":[2,1],"3":[1,2],"4":[0,1]},"_coverageSchema":"43e27e138ebf9cfc5966b082cf9a028302ed4184","hash":"bfd12c3ee497e0cfcc9bc4f36232655890cf383c"}
,"/Users/jinwei/www/nodejs/JavaScript/nodejs/july/isLand/demo/user/fe-validator.js": {"path":"/Users/jinwei/www/nodejs/JavaScript/nodejs/july/isLand/demo/user/fe-validator.js","statementMap":{"0":{"start":{"line":1,"column":18},"end":{"line":1,"column":38}},"1":{"start":{"line":2,"column":26},"end":{"line":2,"column":53}},"2":{"start":{"line":7,"column":4},"end":{"line":7,"column":18}},"3":{"start":{"line":13,"column":4},"end":{"line":18,"column":5}},"4":{"start":{"line":23,"column":20},"end":{"line":23,"column":22}},"5":{"start":{"line":25,"column":4},"end":{"line":30,"column":5}},"6":{"start":{"line":26,"column":23},"end":{"line":26,"column":36}},"7":{"start":{"line":27,"column":6},"end":{"line":29,"column":7}},"8":{"start":{"line":28,"column":8},"end":{"line":28,"column":25}},"9":{"start":{"line":32,"column":20},"end":{"line":32,"column":55}},"10":{"start":{"line":33,"column":4},"end":{"line":37,"column":5}},"11":{"start":{"line":34,"column":6},"end":{"line":36,"column":7}},"12":{"start":{"line":35,"column":8},"end":{"line":35,"column":28}},"13":{"start":{"line":38,"column":4},"end":{"line":38,"column":18}},"14":{"start":{"line":43,"column":4},"end":{"line":43,"column":32}},"15":{"start":{"line":47,"column":21},"end":{"line":47,"column":38}},"16":{"start":{"line":48,"column":16},"end":{"line":48,"column":27}},"17":{"start":{"line":49,"column":16},"end":{"line":49,"column":27}},"18":{"start":{"line":50,"column":4},"end":{"line":50,"column":30}},"19":{"start":{"line":55,"column":16},"end":{"line":55,"column":18}},"20":{"start":{"line":57,"column":4},"end":{"line":69,"column":5}},"21":{"start":{"line":58,"column":18},"end":{"line":58,"column":32}},"22":{"start":{"line":59,"column":6},"end":{"line":68,"column":7}},"23":{"start":{"line":60,"column":8},"end":{"line":67,"column":9}},"24":{"start":{"line":62,"column":10},"end":{"line":66,"column":11}},"25":{"start":{"line":63,"column":12},"end":{"line":63,"column":22}},"26":{"start":{"line":65,"column":12},"end":{"line":65,"column":30}},"27":{"start":{"line":70,"column":4},"end":{"line":72,"column":5}},"28":{"start":{"line":71,"column":6},"end":{"line":71,"column":30}},"29":{"start":{"line":78,"column":14},"end":{"line":78,"column":19}},"30":{"start":{"line":79,"column":17},"end":{"line":82,"column":5}},"31":{"start":{"line":83,"column":17},"end":{"line":83,"column":26}},"32":{"start":{"line":84,"column":4},"end":{"line":98,"column":5}},"33":{"start":{"line":85,"column":6},"end":{"line":97,"column":8}},"34":{"start":{"line":87,"column":23},"end":{"line":87,"column":63}},"35":{"start":{"line":89,"column":8},"end":{"line":96,"column":9}},"36":{"start":{"line":91,"column":10},"end":{"line":91,"column":24}},"37":{"start":{"line":92,"column":10},"end":{"line":92,"column":45}},"38":{"start":{"line":93,"column":10},"end":{"line":93,"column":23}},"39":{"start":{"line":95,"column":10},"end":{"line":95,"column":31}},"40":{"start":{"line":99,"column":4},"end":{"line":99,"column":17}},"41":{"start":{"line":103,"column":21},"end":{"line":103,"column":45}},"42":{"start":{"line":104,"column":4},"end":{"line":109,"column":5}},"43":{"start":{"line":105,"column":6},"end":{"line":108,"column":7}},"44":{"start":{"line":114,"column":4},"end":{"line":114,"column":39}},"45":{"start":{"line":115,"column":4},"end":{"line":117,"column":5}},"46":{"start":{"line":116,"column":6},"end":{"line":116,"column":46}},"47":{"start":{"line":119,"column":4},"end":{"line":119,"column":38}},"48":{"start":{"line":120,"column":4},"end":{"line":122,"column":5}},"49":{"start":{"line":121,"column":6},"end":{"line":121,"column":46}},"50":{"start":{"line":125,"column":4},"end":{"line":125,"column":38}},"51":{"start":{"line":126,"column":4},"end":{"line":128,"column":5}},"52":{"start":{"line":127,"column":6},"end":{"line":127,"column":46}},"53":{"start":{"line":131,"column":4},"end":{"line":131,"column":40}},"54":{"start":{"line":132,"column":4},"end":{"line":134,"column":5}},"55":{"start":{"line":133,"column":6},"end":{"line":133,"column":46}},"56":{"start":{"line":136,"column":4},"end":{"line":139,"column":5}},"57":{"start":{"line":144,"column":19},"end":{"line":144,"column":48}},"58":{"start":{"line":145,"column":4},"end":{"line":145,"column":22}},"59":{"start":{"line":146,"column":20},"end":{"line":146,"column":42}},"60":{"start":{"line":147,"column":4},"end":{"line":147,"column":36}},"61":{"start":{"line":148,"column":4},"end":{"line":148,"column":30}},"62":{"start":{"line":150,"column":25},"end":{"line":150,"column":27}},"63":{"start":{"line":151,"column":4},"end":{"line":161,"column":5}},"64":{"start":{"line":153,"column":6},"end":{"line":156,"column":7}},"65":{"start":{"line":154,"column":8},"end":{"line":154,"column":31}},"66":{"start":{"line":155,"column":8},"end":{"line":155,"column":13}},"67":{"start":{"line":157,"column":21},"end":{"line":157,"column":44}},"68":{"start":{"line":158,"column":6},"end":{"line":160,"column":7}},"69":{"start":{"line":159,"column":8},"end":{"line":159,"column":39}},"70":{"start":{"line":163,"column":4},"end":{"line":165,"column":5}},"71":{"start":{"line":164,"column":6},"end":{"line":164,"column":43}},"72":{"start":{"line":167,"column":4},"end":{"line":167,"column":15}},"73":{"start":{"line":172,"column":4},"end":{"line":172,"column":20}},"74":{"start":{"line":173,"column":4},"end":{"line":173,"column":18}},"75":{"start":{"line":174,"column":4},"end":{"line":174,"column":24}},"76":{"start":{"line":179,"column":0},"end":{"line":182,"column":1}}},"fnMap":{"0":{"name":"(anonymous_0)","decl":{"start":{"line":6,"column":2},"end":{"line":6,"column":3}},"loc":{"start":{"line":6,"column":17},"end":{"line":8,"column":3}},"line":6},"1":{"name":"(anonymous_1)","decl":{"start":{"line":12,"column":2},"end":{"line":12,"column":3}},"loc":{"start":{"line":12,"column":28},"end":{"line":19,"column":3}},"line":12},"2":{"name":"(anonymous_2)","decl":{"start":{"line":22,"column":2},"end":{"line":22,"column":3}},"loc":{"start":{"line":22,"column":25},"end":{"line":39,"column":3}},"line":22},"3":{"name":"(anonymous_3)","decl":{"start":{"line":42,"column":2},"end":{"line":42,"column":3}},"loc":{"start":{"line":42,"column":24},"end":{"line":44,"column":3}},"line":42},"4":{"name":"(anonymous_4)","decl":{"start":{"line":46,"column":2},"end":{"line":46,"column":3}},"loc":{"start":{"line":46,"column":15},"end":{"line":51,"column":3}},"line":46},"5":{"name":"(anonymous_5)","decl":{"start":{"line":54,"column":2},"end":{"line":54,"column":3}},"loc":{"start":{"line":54,"column":23},"end":{"line":73,"column":3}},"line":54},"6":{"name":"(anonymous_6)","decl":{"start":{"line":77,"column":2},"end":{"line":77,"column":3}},"loc":{"start":{"line":77,"column":29},"end":{"line":100,"column":3}},"line":77},"7":{"name":"(anonymous_7)","decl":{"start":{"line":85,"column":16},"end":{"line":85,"column":17}},"loc":{"start":{"line":85,"column":24},"end":{"line":97,"column":7}},"line":85},"8":{"name":"(anonymous_8)","decl":{"start":{"line":102,"column":2},"end":{"line":102,"column":3}},"loc":{"start":{"line":102,"column":22},"end":{"line":140,"column":3}},"line":102},"9":{"name":"(anonymous_9)","decl":{"start":{"line":143,"column":2},"end":{"line":143,"column":3}},"loc":{"start":{"line":143,"column":23},"end":{"line":168,"column":3}},"line":143},"10":{"name":"(anonymous_10)","decl":{"start":{"line":171,"column":2},"end":{"line":171,"column":3}},"loc":{"start":{"line":171,"column":34},"end":{"line":175,"column":3}},"line":171}},"branchMap":{"0":{"loc":{"start":{"line":27,"column":6},"end":{"line":29,"column":7}},"type":"if","locations":[{"start":{"line":27,"column":6},"end":{"line":29,"column":7}},{"start":{"line":27,"column":6},"end":{"line":29,"column":7}}],"line":27},"1":{"loc":{"start":{"line":34,"column":6},"end":{"line":36,"column":7}},"type":"if","locations":[{"start":{"line":34,"column":6},"end":{"line":36,"column":7}},{"start":{"line":34,"column":6},"end":{"line":36,"column":7}}],"line":34},"2":{"loc":{"start":{"line":60,"column":8},"end":{"line":67,"column":9}},"type":"if","locations":[{"start":{"line":60,"column":8},"end":{"line":67,"column":9}},{"start":{"line":60,"column":8},"end":{"line":67,"column":9}}],"line":60},"3":{"loc":{"start":{"line":62,"column":10},"end":{"line":66,"column":11}},"type":"if","locations":[{"start":{"line":62,"column":10},"end":{"line":66,"column":11}},{"start":{"line":62,"column":10},"end":{"line":66,"column":11}}],"line":62},"4":{"loc":{"start":{"line":70,"column":4},"end":{"line":72,"column":5}},"type":"if","locations":[{"start":{"line":70,"column":4},"end":{"line":72,"column":5}},{"start":{"line":70,"column":4},"end":{"line":72,"column":5}}],"line":70},"5":{"loc":{"start":{"line":84,"column":4},"end":{"line":98,"column":5}},"type":"if","locations":[{"start":{"line":84,"column":4},"end":{"line":98,"column":5}},{"start":{"line":84,"column":4},"end":{"line":98,"column":5}}],"line":84},"6":{"loc":{"start":{"line":89,"column":8},"end":{"line":96,"column":9}},"type":"if","locations":[{"start":{"line":89,"column":8},"end":{"line":96,"column":9}},{"start":{"line":89,"column":8},"end":{"line":96,"column":9}}],"line":89},"7":{"loc":{"start":{"line":104,"column":4},"end":{"line":109,"column":5}},"type":"if","locations":[{"start":{"line":104,"column":4},"end":{"line":109,"column":5}},{"start":{"line":104,"column":4},"end":{"line":109,"column":5}}],"line":104},"8":{"loc":{"start":{"line":115,"column":4},"end":{"line":117,"column":5}},"type":"if","locations":[{"start":{"line":115,"column":4},"end":{"line":117,"column":5}},{"start":{"line":115,"column":4},"end":{"line":117,"column":5}}],"line":115},"9":{"loc":{"start":{"line":120,"column":4},"end":{"line":122,"column":5}},"type":"if","locations":[{"start":{"line":120,"column":4},"end":{"line":122,"column":5}},{"start":{"line":120,"column":4},"end":{"line":122,"column":5}}],"line":120},"10":{"loc":{"start":{"line":126,"column":4},"end":{"line":128,"column":5}},"type":"if","locations":[{"start":{"line":126,"column":4},"end":{"line":128,"column":5}},{"start":{"line":126,"column":4},"end":{"line":128,"column":5}}],"line":126},"11":{"loc":{"start":{"line":132,"column":4},"end":{"line":134,"column":5}},"type":"if","locations":[{"start":{"line":132,"column":4},"end":{"line":134,"column":5}},{"start":{"line":132,"column":4},"end":{"line":134,"column":5}}],"line":132},"12":{"loc":{"start":{"line":153,"column":6},"end":{"line":156,"column":7}},"type":"if","locations":[{"start":{"line":153,"column":6},"end":{"line":156,"column":7}},{"start":{"line":153,"column":6},"end":{"line":156,"column":7}}],"line":153},"13":{"loc":{"start":{"line":158,"column":6},"end":{"line":160,"column":7}},"type":"if","locations":[{"start":{"line":158,"column":6},"end":{"line":160,"column":7}},{"start":{"line":158,"column":6},"end":{"line":160,"column":7}}],"line":158},"14":{"loc":{"start":{"line":163,"column":4},"end":{"line":165,"column":5}},"type":"if","locations":[{"start":{"line":163,"column":4},"end":{"line":165,"column":5}},{"start":{"line":163,"column":4},"end":{"line":165,"column":5}}],"line":163}},"s":{"0":1,"1":1,"2":0,"3":0,"4":0,"5":0,"6":0,"7":0,"8":0,"9":0,"10":0,"11":0,"12":0,"13":0,"14":0,"15":0,"16":0,"17":0,"18":0,"19":0,"20":0,"21":0,"22":0,"23":0,"24":0,"25":0,"26":0,"27":0,"28":0,"29":0,"30":0,"31":0,"32":0,"33":0,"34":0,"35":0,"36":0,"37":0,"38":0,"39":0,"40":0,"41":0,"42":0,"43":0,"44":0,"45":0,"46":0,"47":0,"48":0,"49":0,"50":0,"51":0,"52":0,"53":0,"54":0,"55":0,"56":0,"57":0,"58":0,"59":0,"60":0,"61":0,"62":0,"63":0,"64":0,"65":0,"66":0,"67":0,"68":0,"69":0,"70":0,"71":0,"72":0,"73":0,"74":0,"75":0,"76":1},"f":{"0":0,"1":0,"2":0,"3":0,"4":0,"5":0,"6":0,"7":0,"8":0,"9":0,"10":0},"b":{"0":[0,0],"1":[0,0],"2":[0,0],"3":[0,0],"4":[0,0],"5":[0,0],"6":[0,0],"7":[0,0],"8":[0,0],"9":[0,0],"10":[0,0],"11":[0,0],"12":[0,0],"13":[0,0],"14":[0,0]},"_coverageSchema":"43e27e138ebf9cfc5966b082cf9a028302ed4184","hash":"07c3fcea139257121b35b50e3710134cf9e6928b"}
,"/Users/jinwei/www/nodejs/JavaScript/nodejs/july/isLand/demo/user/http-exception.js": {"path":"/Users/jinwei/www/nodejs/JavaScript/nodejs/july/isLand/demo/user/http-exception.js","statementMap":{"0":{"start":{"line":4,"column":4},"end":{"line":4,"column":11}},"1":{"start":{"line":5,"column":4},"end":{"line":5,"column":26}},"2":{"start":{"line":6,"column":4},"end":{"line":6,"column":30}},"3":{"start":{"line":7,"column":4},"end":{"line":7,"column":24}},"4":{"start":{"line":11,"column":0},"end":{"line":13,"column":1}}},"fnMap":{"0":{"name":"(anonymous_0)","decl":{"start":{"line":3,"column":2},"end":{"line":3,"column":3}},"loc":{"start":{"line":3,"column":66},"end":{"line":8,"column":3}},"line":3}},"branchMap":{"0":{"loc":{"start":{"line":3,"column":15},"end":{"line":3,"column":31}},"type":"default-arg","locations":[{"start":{"line":3,"column":25},"end":{"line":3,"column":31}}],"line":3},"1":{"loc":{"start":{"line":3,"column":33},"end":{"line":3,"column":50}},"type":"default-arg","locations":[{"start":{"line":3,"column":45},"end":{"line":3,"column":50}}],"line":3},"2":{"loc":{"start":{"line":3,"column":52},"end":{"line":3,"column":64}},"type":"default-arg","locations":[{"start":{"line":3,"column":61},"end":{"line":3,"column":64}}],"line":3}},"s":{"0":0,"1":0,"2":0,"3":0,"4":1},"f":{"0":0},"b":{"0":[0],"1":[0],"2":[0]},"_coverageSchema":"43e27e138ebf9cfc5966b082cf9a028302ed4184","hash":"c4ae2504751b5dab3f320d76cf8d4e44a22da55a"}
}
