TN:
SF:D:\nodejs\www\JavaScript\nodejs\july\isLand\demo\test\07-01.set.js
FN:2,(anonymous_0)
FN:7,(anonymous_1)
FN:18,(anonymous_2)
FN:27,(anonymous_3)
FN:36,(anonymous_4)
FN:41,(anonymous_5)
FN:46,(anonymous_6)
FN:51,(anonymous_7)
FN:53,(anonymous_8)
FN:54,(anonymous_9)
FN:59,(anonymous_10)
FN:61,(anonymous_11)
FN:70,(anonymous_12)
FN:72,(anonymous_13)
FN:82,(anonymous_14)
FN:87,(anonymous_15)
FNF:16
FNH:16
FNDA:7,(anonymous_0)
FNDA:41,(anonymous_1)
FNDA:32,(anonymous_2)
FNDA:2,(anonymous_3)
FNDA:1,(anonymous_4)
FNDA:3,(anonymous_5)
FNDA:14,(anonymous_6)
FNDA:1,(anonymous_7)
FNDA:3,(anonymous_8)
FNDA:3,(anonymous_9)
FNDA:1,(anonymous_10)
FNDA:3,(anonymous_11)
FNDA:1,(anonymous_12)
FNDA:3,(anonymous_13)
FNDA:1,(anonymous_14)
FNDA:2,(anonymous_15)
DA:3,7
DA:14,41
DA:19,32
DA:20,23
DA:21,23
DA:23,9
DA:28,2
DA:29,1
DA:30,1
DA:32,1
DA:37,1
DA:42,3
DA:47,14
DA:52,1
DA:53,3
DA:54,3
DA:55,1
DA:60,1
DA:61,1
DA:62,3
DA:63,2
DA:66,1
DA:71,1
DA:72,1
DA:73,3
DA:74,1
DA:77,1
DA:83,1
DA:84,0
DA:87,2
LF:30
LH:29
BRDA:19,0,0,23
BRDA:19,0,1,9
BRDA:28,1,0,1
BRDA:28,1,1,1
BRDA:62,2,0,2
BRDA:62,2,1,1
BRDA:73,3,0,1
BRDA:73,3,1,2
BRDA:83,4,0,0
BRDA:83,4,1,1
BRF:10
BRH:9
end_of_record
TN:
SF:D:\nodejs\www\JavaScript\nodejs\july\isLand\demo\user\fe-validator.js
FN:6,(anonymous_0)
FN:12,(anonymous_1)
FN:22,(anonymous_2)
FN:42,(anonymous_3)
FN:46,(anonymous_4)
FN:54,(anonymous_5)
FN:77,(anonymous_6)
FN:85,(anonymous_7)
FN:102,(anonymous_8)
FN:143,(anonymous_9)
FN:171,(anonymous_10)
FNF:11
FNH:0
FNDA:0,(anonymous_0)
FNDA:0,(anonymous_1)
FNDA:0,(anonymous_2)
FNDA:0,(anonymous_3)
FNDA:0,(anonymous_4)
FNDA:0,(anonymous_5)
FNDA:0,(anonymous_6)
FNDA:0,(anonymous_7)
FNDA:0,(anonymous_8)
FNDA:0,(anonymous_9)
FNDA:0,(anonymous_10)
DA:1,1
DA:2,1
DA:7,0
DA:13,0
DA:23,0
DA:25,0
DA:26,0
DA:27,0
DA:28,0
DA:32,0
DA:33,0
DA:34,0
DA:35,0
DA:38,0
DA:43,0
DA:47,0
DA:48,0
DA:49,0
DA:50,0
DA:55,0
DA:57,0
DA:58,0
DA:59,0
DA:60,0
DA:62,0
DA:63,0
DA:65,0
DA:70,0
DA:71,0
DA:78,0
DA:79,0
DA:83,0
DA:84,0
DA:85,0
DA:87,0
DA:89,0
DA:91,0
DA:92,0
DA:93,0
DA:95,0
DA:99,0
DA:103,0
DA:104,0
DA:105,0
DA:114,0
DA:115,0
DA:116,0
DA:119,0
DA:120,0
DA:121,0
DA:125,0
DA:126,0
DA:127,0
DA:131,0
DA:132,0
DA:133,0
DA:136,0
DA:144,0
DA:145,0
DA:146,0
DA:147,0
DA:148,0
DA:150,0
DA:151,0
DA:153,0
DA:154,0
DA:155,0
DA:157,0
DA:158,0
DA:159,0
DA:163,0
DA:164,0
DA:167,0
DA:172,0
DA:173,0
DA:174,0
DA:179,1
LF:77
LH:3
BRDA:27,0,0,0
BRDA:27,0,1,0
BRDA:34,1,0,0
BRDA:34,1,1,0
BRDA:60,2,0,0
BRDA:60,2,1,0
BRDA:62,3,0,0
BRDA:62,3,1,0
BRDA:70,4,0,0
BRDA:70,4,1,0
BRDA:84,5,0,0
BRDA:84,5,1,0
BRDA:89,6,0,0
BRDA:89,6,1,0
BRDA:104,7,0,0
BRDA:104,7,1,0
BRDA:115,8,0,0
BRDA:115,8,1,0
BRDA:120,9,0,0
BRDA:120,9,1,0
BRDA:126,10,0,0
BRDA:126,10,1,0
BRDA:132,11,0,0
BRDA:132,11,1,0
BRDA:153,12,0,0
BRDA:153,12,1,0
BRDA:158,13,0,0
BRDA:158,13,1,0
BRDA:163,14,0,0
BRDA:163,14,1,0
BRF:30
BRH:0
end_of_record
TN:
SF:D:\nodejs\www\JavaScript\nodejs\july\isLand\demo\user\http-exception.js
FN:3,(anonymous_0)
FNF:1
FNH:0
FNDA:0,(anonymous_0)
DA:4,0
DA:5,0
DA:6,0
DA:7,0
DA:11,1
LF:5
LH:1
BRDA:3,0,0,0
BRDA:3,1,0,0
BRDA:3,2,0,0
BRF:3
BRH:0
end_of_record
