{"/Users/jinwei/www/nodejs/JavaScript/data-structure-algorithms/04-queue/01-queue.js": {"path":"/Users/jinwei/www/nodejs/JavaScript/data-structure-algorithms/04-queue/01-queue.js","statementMap":{"0":{"start":{"line":3,"column":14},"end":{"line":3,"column":16}},"1":{"start":{"line":6,"column":2},"end":{"line":8,"column":3}},"2":{"start":{"line":7,"column":4},"end":{"line":7,"column":23}},"3":{"start":{"line":11,"column":2},"end":{"line":13,"column":3}},"4":{"start":{"line":12,"column":4},"end":{"line":12,"column":24}},"5":{"start":{"line":16,"column":2},"end":{"line":18,"column":3}},"6":{"start":{"line":17,"column":4},"end":{"line":17,"column":19}},"7":{"start":{"line":21,"column":2},"end":{"line":23,"column":3}},"8":{"start":{"line":22,"column":4},"end":{"line":22,"column":29}},"9":{"start":{"line":26,"column":2},"end":{"line":28,"column":3}},"10":{"start":{"line":27,"column":4},"end":{"line":27,"column":23}},"11":{"start":{"line":31,"column":2},"end":{"line":34,"column":3}},"12":{"start":{"line":32,"column":4},"end":{"line":32,"column":33}},"13":{"start":{"line":33,"column":4},"end":{"line":33,"column":27}}},"fnMap":{"0":{"name":"Queue","decl":{"start":{"line":2,"column":9},"end":{"line":2,"column":14}},"loc":{"start":{"line":2,"column":18},"end":{"line":36,"column":1}},"line":2},"1":{"name":"(anonymous_1)","decl":{"start":{"line":6,"column":17},"end":{"line":6,"column":18}},"loc":{"start":{"line":6,"column":30},"end":{"line":8,"column":3}},"line":6},"2":{"name":"(anonymous_2)","decl":{"start":{"line":11,"column":17},"end":{"line":11,"column":18}},"loc":{"start":{"line":11,"column":23},"end":{"line":13,"column":3}},"line":11},"3":{"name":"(anonymous_3)","decl":{"start":{"line":16,"column":15},"end":{"line":16,"column":16}},"loc":{"start":{"line":16,"column":21},"end":{"line":18,"column":3}},"line":16},"4":{"name":"(anonymous_4)","decl":{"start":{"line":21,"column":17},"end":{"line":21,"column":18}},"loc":{"start":{"line":21,"column":23},"end":{"line":23,"column":3}},"line":21},"5":{"name":"(anonymous_5)","decl":{"start":{"line":26,"column":14},"end":{"line":26,"column":15}},"loc":{"start":{"line":26,"column":20},"end":{"line":28,"column":3}},"line":26},"6":{"name":"(anonymous_6)","decl":{"start":{"line":31,"column":15},"end":{"line":31,"column":16}},"loc":{"start":{"line":31,"column":21},"end":{"line":34,"column":3}},"line":31}},"branchMap":{},"s":{"0":1,"1":1,"2":4,"3":1,"4":4,"5":1,"6":0,"7":1,"8":5,"9":1,"10":0,"11":1,"12":0,"13":0},"f":{"0":1,"1":4,"2":4,"3":0,"4":5,"5":0,"6":0},"b":{},"_coverageSchema":"43e27e138ebf9cfc5966b082cf9a028302ed4184","hash":"d086aa23085805191c0e55acd977898bc4147d54"}
,"/Users/jinwei/www/nodejs/JavaScript/data-structure-algorithms/07-dictionary/01-dictionary.js": {"path":"/Users/jinwei/www/nodejs/JavaScript/data-structure-algorithms/07-dictionary/01-dictionary.js","statementMap":{"0":{"start":{"line":8,"column":14},"end":{"line":8,"column":16}},"1":{"start":{"line":11,"column":2},"end":{"line":13,"column":3}},"2":{"start":{"line":12,"column":4},"end":{"line":12,"column":23}},"3":{"start":{"line":16,"column":2},"end":{"line":18,"column":3}},"4":{"start":{"line":17,"column":4},"end":{"line":17,"column":22}},"5":{"start":{"line":21,"column":2},"end":{"line":27,"column":3}},"6":{"start":{"line":22,"column":4},"end":{"line":25,"column":5}},"7":{"start":{"line":23,"column":6},"end":{"line":23,"column":23}},"8":{"start":{"line":24,"column":6},"end":{"line":24,"column":17}},"9":{"start":{"line":26,"column":4},"end":{"line":26,"column":16}},"10":{"start":{"line":30,"column":2},"end":{"line":32,"column":3}},"11":{"start":{"line":31,"column":4},"end":{"line":31,"column":49}},"12":{"start":{"line":35,"column":2},"end":{"line":43,"column":3}},"13":{"start":{"line":36,"column":17},"end":{"line":36,"column":19}},"14":{"start":{"line":37,"column":4},"end":{"line":41,"column":5}},"15":{"start":{"line":38,"column":6},"end":{"line":40,"column":7}},"16":{"start":{"line":39,"column":8},"end":{"line":39,"column":31}},"17":{"start":{"line":42,"column":4},"end":{"line":42,"column":17}},"18":{"start":{"line":46,"column":2},"end":{"line":48,"column":3}},"19":{"start":{"line":47,"column":4},"end":{"line":47,"column":29}},"20":{"start":{"line":51,"column":2},"end":{"line":53,"column":3}},"21":{"start":{"line":52,"column":4},"end":{"line":52,"column":14}},"22":{"start":{"line":56,"column":2},"end":{"line":58,"column":3}},"23":{"start":{"line":57,"column":4},"end":{"line":57,"column":36}},"24":{"start":{"line":61,"column":2},"end":{"line":63,"column":3}},"25":{"start":{"line":62,"column":4},"end":{"line":62,"column":16}}},"fnMap":{"0":{"name":"Dictionary","decl":{"start":{"line":7,"column":9},"end":{"line":7,"column":19}},"loc":{"start":{"line":7,"column":23},"end":{"line":64,"column":1}},"line":7},"1":{"name":"(anonymous_1)","decl":{"start":{"line":11,"column":13},"end":{"line":11,"column":14}},"loc":{"start":{"line":11,"column":22},"end":{"line":13,"column":3}},"line":11},"2":{"name":"(anonymous_2)","decl":{"start":{"line":16,"column":13},"end":{"line":16,"column":14}},"loc":{"start":{"line":16,"column":29},"end":{"line":18,"column":3}},"line":16},"3":{"name":"(anonymous_3)","decl":{"start":{"line":21,"column":16},"end":{"line":21,"column":17}},"loc":{"start":{"line":21,"column":25},"end":{"line":27,"column":3}},"line":21},"4":{"name":"(anonymous_4)","decl":{"start":{"line":30,"column":13},"end":{"line":30,"column":14}},"loc":{"start":{"line":30,"column":22},"end":{"line":32,"column":3}},"line":30},"5":{"name":"(anonymous_5)","decl":{"start":{"line":35,"column":16},"end":{"line":35,"column":17}},"loc":{"start":{"line":35,"column":22},"end":{"line":43,"column":3}},"line":35},"6":{"name":"(anonymous_6)","decl":{"start":{"line":46,"column":14},"end":{"line":46,"column":15}},"loc":{"start":{"line":46,"column":20},"end":{"line":48,"column":3}},"line":46},"7":{"name":"(anonymous_7)","decl":{"start":{"line":51,"column":15},"end":{"line":51,"column":16}},"loc":{"start":{"line":51,"column":21},"end":{"line":53,"column":3}},"line":51},"8":{"name":"(anonymous_8)","decl":{"start":{"line":56,"column":14},"end":{"line":56,"column":15}},"loc":{"start":{"line":56,"column":20},"end":{"line":58,"column":3}},"line":56},"9":{"name":"(anonymous_9)","decl":{"start":{"line":61,"column":18},"end":{"line":61,"column":19}},"loc":{"start":{"line":61,"column":24},"end":{"line":63,"column":3}},"line":61}},"branchMap":{"0":{"loc":{"start":{"line":22,"column":4},"end":{"line":25,"column":5}},"type":"if","locations":[{"start":{"line":22,"column":4},"end":{"line":25,"column":5}},{"start":{"line":22,"column":4},"end":{"line":25,"column":5}}],"line":22},"1":{"loc":{"start":{"line":31,"column":11},"end":{"line":31,"column":49}},"type":"cond-expr","locations":[{"start":{"line":31,"column":27},"end":{"line":31,"column":37}},{"start":{"line":31,"column":40},"end":{"line":31,"column":49}}],"line":31},"2":{"loc":{"start":{"line":38,"column":6},"end":{"line":40,"column":7}},"type":"if","locations":[{"start":{"line":38,"column":6},"end":{"line":40,"column":7}},{"start":{"line":38,"column":6},"end":{"line":40,"column":7}}],"line":38}},"s":{"0":1,"1":1,"2":10,"3":1,"4":9,"5":1,"6":0,"7":0,"8":0,"9":0,"10":1,"11":10,"12":1,"13":0,"14":0,"15":0,"16":0,"17":0,"18":1,"19":0,"20":1,"21":0,"22":1,"23":0,"24":1,"25":0},"f":{"0":1,"1":10,"2":9,"3":0,"4":10,"5":0,"6":0,"7":0,"8":0,"9":0},"b":{"0":[0,0],"1":[10,0],"2":[0,0]},"_coverageSchema":"43e27e138ebf9cfc5966b082cf9a028302ed4184","hash":"be10d3d52df4e8d251b0e445f7dce74d5c9115cc"}
,"/Users/jinwei/www/nodejs/JavaScript/data-structure-algorithms/09-graph/01-graph-hand.js": {"path":"/Users/jinwei/www/nodejs/JavaScript/data-structure-algorithms/09-graph/01-graph-hand.js","statementMap":{"0":{"start":{"line":5,"column":17},"end":{"line":5,"column":19}},"1":{"start":{"line":6,"column":16},"end":{"line":6,"column":32}},"2":{"start":{"line":9,"column":2},"end":{"line":12,"column":3}},"3":{"start":{"line":10,"column":4},"end":{"line":10,"column":20}},"4":{"start":{"line":11,"column":4},"end":{"line":11,"column":22}},"5":{"start":{"line":15,"column":2},"end":{"line":19,"column":3}},"6":{"start":{"line":16,"column":4},"end":{"line":16,"column":25}},"7":{"start":{"line":17,"column":4},"end":{"line":17,"column":26}},"8":{"start":{"line":18,"column":4},"end":{"line":18,"column":26}},"9":{"start":{"line":22,"column":2},"end":{"line":33,"column":3}},"10":{"start":{"line":23,"column":12},"end":{"line":23,"column":14}},"11":{"start":{"line":24,"column":4},"end":{"line":31,"column":5}},"12":{"start":{"line":24,"column":17},"end":{"line":24,"column":18}},"13":{"start":{"line":25,"column":6},"end":{"line":25,"column":31}},"14":{"start":{"line":26,"column":23},"end":{"line":26,"column":47}},"15":{"start":{"line":27,"column":6},"end":{"line":29,"column":7}},"16":{"start":{"line":27,"column":19},"end":{"line":27,"column":20}},"17":{"start":{"line":28,"column":8},"end":{"line":28,"column":32}},"18":{"start":{"line":30,"column":6},"end":{"line":30,"column":15}},"19":{"start":{"line":32,"column":4},"end":{"line":32,"column":12}},"20":{"start":{"line":36,"column":19},"end":{"line":42,"column":3}},"21":{"start":{"line":37,"column":17},"end":{"line":37,"column":19}},"22":{"start":{"line":38,"column":4},"end":{"line":40,"column":5}},"23":{"start":{"line":38,"column":17},"end":{"line":38,"column":18}},"24":{"start":{"line":39,"column":6},"end":{"line":39,"column":35}},"25":{"start":{"line":41,"column":4},"end":{"line":41,"column":17}},"26":{"start":{"line":46,"column":2},"end":{"line":72,"column":3}},"27":{"start":{"line":47,"column":16},"end":{"line":47,"column":28}},"28":{"start":{"line":48,"column":16},"end":{"line":48,"column":27}},"29":{"start":{"line":49,"column":4},"end":{"line":49,"column":20}},"30":{"start":{"line":51,"column":4},"end":{"line":51,"column":24}},"31":{"start":{"line":52,"column":4},"end":{"line":70,"column":5}},"32":{"start":{"line":53,"column":14},"end":{"line":53,"column":29}},"33":{"start":{"line":54,"column":23},"end":{"line":54,"column":37}},"34":{"start":{"line":56,"column":6},"end":{"line":56,"column":23}},"35":{"start":{"line":57,"column":6},"end":{"line":63,"column":7}},"36":{"start":{"line":57,"column":19},"end":{"line":57,"column":20}},"37":{"start":{"line":58,"column":16},"end":{"line":58,"column":29}},"38":{"start":{"line":59,"column":8},"end":{"line":62,"column":9}},"39":{"start":{"line":60,"column":10},"end":{"line":60,"column":27}},"40":{"start":{"line":61,"column":10},"end":{"line":61,"column":26}},"41":{"start":{"line":64,"column":6},"end":{"line":64,"column":24}},"42":{"start":{"line":66,"column":6},"end":{"line":68,"column":7}},"43":{"start":{"line":67,"column":8},"end":{"line":67,"column":19}}},"fnMap":{"0":{"name":"Graph","decl":{"start":{"line":4,"column":9},"end":{"line":4,"column":14}},"loc":{"start":{"line":4,"column":18},"end":{"line":74,"column":1}},"line":4},"1":{"name":"(anonymous_1)","decl":{"start":{"line":9,"column":19},"end":{"line":9,"column":20}},"loc":{"start":{"line":9,"column":26},"end":{"line":12,"column":3}},"line":9},"2":{"name":"(anonymous_2)","decl":{"start":{"line":15,"column":17},"end":{"line":15,"column":18}},"loc":{"start":{"line":15,"column":27},"end":{"line":19,"column":3}},"line":15},"3":{"name":"(anonymous_3)","decl":{"start":{"line":22,"column":18},"end":{"line":22,"column":19}},"loc":{"start":{"line":22,"column":24},"end":{"line":33,"column":3}},"line":22},"4":{"name":"(anonymous_4)","decl":{"start":{"line":36,"column":19},"end":{"line":36,"column":20}},"loc":{"start":{"line":36,"column":25},"end":{"line":42,"column":3}},"line":36},"5":{"name":"(anonymous_5)","decl":{"start":{"line":46,"column":13},"end":{"line":46,"column":14}},"loc":{"start":{"line":46,"column":30},"end":{"line":72,"column":3}},"line":46}},"branchMap":{"0":{"loc":{"start":{"line":59,"column":8},"end":{"line":62,"column":9}},"type":"if","locations":[{"start":{"line":59,"column":8},"end":{"line":62,"column":9}},{"start":{"line":59,"column":8},"end":{"line":62,"column":9}}],"line":59},"1":{"loc":{"start":{"line":66,"column":6},"end":{"line":68,"column":7}},"type":"if","locations":[{"start":{"line":66,"column":6},"end":{"line":68,"column":7}},{"start":{"line":66,"column":6},"end":{"line":68,"column":7}}],"line":66}},"s":{"0":1,"1":1,"2":1,"3":9,"4":9,"5":1,"6":3,"7":3,"8":3,"9":1,"10":0,"11":0,"12":0,"13":0,"14":0,"15":0,"16":0,"17":0,"18":0,"19":0,"20":1,"21":1,"22":1,"23":1,"24":9,"25":1,"26":1,"27":1,"28":1,"29":1,"30":1,"31":1,"32":4,"33":4,"34":4,"35":4,"36":4,"37":6,"38":6,"39":3,"40":3,"41":4,"42":4,"43":4},"f":{"0":1,"1":9,"2":3,"3":0,"4":1,"5":1},"b":{"0":[3,3],"1":[4,0]},"_coverageSchema":"43e27e138ebf9cfc5966b082cf9a028302ed4184","hash":"83ef1bf42127125cfeb918c7f02c7c75f3992fc3"}
}
