TN:
SF:/Users/jinwei/www/nodejs/JavaScript/data-structure-algorithms/07-dictionary/01-dictionary.js
FN:7,Dictionary
FN:11,(anonymous_1)
FN:16,(anonymous_2)
FN:21,(anonymous_3)
FN:30,(anonymous_4)
FN:35,(anonymous_5)
FN:46,(anonymous_6)
FN:51,(anonymous_7)
FN:56,(anonymous_8)
FN:61,(anonymous_9)
FNF:10
FNH:4
FNDA:1,Dictionary
FNDA:15,(anonymous_1)
FNDA:9,(anonymous_2)
FNDA:0,(anonymous_3)
FNDA:15,(anonymous_4)
FNDA:0,(anonymous_5)
FNDA:0,(anonymous_6)
FNDA:0,(anonymous_7)
FNDA:0,(anonymous_8)
FNDA:0,(anonymous_9)
DA:8,1
DA:11,1
DA:12,15
DA:16,1
DA:17,9
DA:21,1
DA:22,0
DA:23,0
DA:24,0
DA:26,0
DA:30,1
DA:31,15
DA:35,1
DA:36,0
DA:37,0
DA:38,0
DA:39,0
DA:42,0
DA:46,1
DA:47,0
DA:51,1
DA:52,0
DA:56,1
DA:57,0
DA:61,1
DA:62,0
LF:26
LH:13
BRDA:22,0,0,0
BRDA:22,0,1,0
BRDA:31,1,0,15
BRDA:31,1,1,0
BRDA:38,2,0,0
BRDA:38,2,1,0
BRF:6
BRH:1
end_of_record
TN:
SF:/Users/jinwei/www/nodejs/JavaScript/data-structure-algorithms/09-graph/01-graph-hand.js
FN:4,Graph
FN:9,(anonymous_1)
FN:15,(anonymous_2)
FN:22,(anonymous_3)
FNF:4
FNH:4
FNDA:1,Graph
FNDA:9,(anonymous_1)
FNDA:3,(anonymous_2)
FNDA:1,(anonymous_3)
DA:5,1
DA:6,1
DA:9,1
DA:10,9
DA:11,9
DA:15,1
DA:16,3
DA:17,3
DA:18,3
DA:22,1
DA:23,1
DA:24,1
DA:25,9
DA:26,9
DA:27,9
DA:28,6
DA:30,9
DA:32,1
LF:18
LH:18
BRF:0
BRH:0
end_of_record
