TN:
SF:/Users/jinwei/www/nodejs/JavaScript/data-structure-algorithms/04-queue/01-queue.js
FN:2,Queue
FN:6,(anonymous_1)
FN:11,(anonymous_2)
FN:16,(anonymous_3)
FN:21,(anonymous_4)
FN:26,(anonymous_5)
FN:31,(anonymous_6)
FNF:7
FNH:7
FNDA:1,Queue
FNDA:2,(anonymous_1)
FNDA:1,(anonymous_2)
FNDA:1,(anonymous_3)
FNDA:1,(anonymous_4)
FNDA:1,(anonymous_5)
FNDA:1,(anonymous_6)
DA:3,1
DA:6,1
DA:7,2
DA:11,1
DA:12,1
DA:16,1
DA:17,1
DA:21,1
DA:22,1
DA:26,1
DA:27,1
DA:31,1
DA:32,1
DA:33,1
LF:14
LH:14
BRF:0
BRH:0
end_of_record
TN:
SF:/Users/jinwei/www/nodejs/JavaScript/data-structure-algorithms/07-dictionary/01-dictionary.js
FN:7,Dictionary
FN:11,(anonymous_1)
FN:16,(anonymous_2)
FN:21,(anonymous_3)
FN:30,(anonymous_4)
FN:35,(anonymous_5)
FN:46,(anonymous_6)
FN:51,(anonymous_7)
FN:56,(anonymous_8)
FN:61,(anonymous_9)
FNF:10
FNH:10
FNDA:1,Dictionary
FNDA:7,(anonymous_1)
FNDA:2,(anonymous_2)
FNDA:2,(anonymous_3)
FNDA:1,(anonymous_4)
FNDA:1,(anonymous_5)
FNDA:1,(anonymous_6)
FNDA:1,(anonymous_7)
FNDA:2,(anonymous_8)
FNDA:2,(anonymous_9)
DA:8,1
DA:11,1
DA:12,7
DA:16,1
DA:17,2
DA:21,1
DA:22,2
DA:23,1
DA:24,1
DA:26,1
DA:30,1
DA:31,1
DA:35,1
DA:36,1
DA:37,1
DA:38,2
DA:39,2
DA:42,1
DA:46,1
DA:47,1
DA:51,1
DA:52,1
DA:56,1
DA:57,2
DA:61,1
DA:62,2
LF:26
LH:26
BRDA:22,0,0,1
BRDA:22,0,1,1
BRDA:31,1,0,1
BRDA:31,1,1,0
BRDA:38,2,0,2
BRDA:38,2,1,0
BRF:6
BRH:4
end_of_record
